  new_main.cpp
C:\Users\Core\Documents\GitHub\Fishtank\Bait.h(5,10): warning C4067: непредвиденные лексемы за директивой препроцессора, требуется newline
  (компиляция исходного файла "new_main.cpp")
  
C:\Users\Core\Documents\GitHub\Fishtank\Bait.h(6,10): warning C4067: непредвиденные лексемы за директивой препроцессора, требуется newline
  (компиляция исходного файла "new_main.cpp")
  
C:\Users\Core\Documents\GitHub\Fishtank\Bait.h(7,10): warning C4067: непредвиденные лексемы за директивой препроцессора, требуется newline
  (компиляция исходного файла "new_main.cpp")
  
C:\Users\Core\Documents\GitHub\Fishtank\Bait.h(10,10): warning C4067: непредвиденные лексемы за директивой препроцессора, требуется newline
  (компиляция исходного файла "new_main.cpp")
  
C:\Users\Core\vcpkg\installed\x64-windows\include\raygui.h(2654,46): warning C4267: =: преобразование из "size_t" в "int"; возможна потеря данных
  (компиляция исходного файла "new_main.cpp")
  
C:\Users\Core\Documents\GitHub\Fishtank\Bait.h(14,10): warning C4067: непредвиденные лексемы за директивой препроцессора, требуется newline
  (компиляция исходного файла "new_main.cpp")
  
C:\Users\Core\Documents\GitHub\Fishtank\Bait.h(15,10): warning C4067: непредвиденные лексемы за директивой препроцессора, требуется newline
  (компиляция исходного файла "new_main.cpp")
  
C:\Users\Core\Documents\GitHub\Fishtank\Bait.h(17,10): warning C4067: непредвиденные лексемы за директивой препроцессора, требуется newline
  (компиляция исходного файла "new_main.cpp")
  
C:\Users\Core\Documents\GitHub\Fishtank\Bait.h(18,10): warning C4067: непредвиденные лексемы за директивой препроцессора, требуется newline
  (компиляция исходного файла "new_main.cpp")
  
C:\Users\Core\Documents\GitHub\Fishtank\Bait.h(19,10): warning C4067: непредвиденные лексемы за директивой препроцессора, требуется newline
  (компиляция исходного файла "new_main.cpp")
  
C:\Users\Core\Documents\GitHub\Fishtank\Bait.h(20,10): warning C4067: непредвиденные лексемы за директивой препроцессора, требуется newline
  (компиляция исходного файла "new_main.cpp")
  
C:\Users\Core\Documents\GitHub\Fishtank\Bait.h(21,10): warning C4067: непредвиденные лексемы за директивой препроцессора, требуется newline
  (компиляция исходного файла "new_main.cpp")
  
C:\Users\Core\Documents\GitHub\Fishtank\Bait.h(22,10): warning C4067: непредвиденные лексемы за директивой препроцессора, требуется newline
  (компиляция исходного файла "new_main.cpp")
  
  Fishtank.vcxproj -> C:\Users\Core\Documents\GitHub\Fishtank\x64\Debug\Fishtank.exe
